<?xml version="1.0" encoding="UTF-8"?>
<!-- Generated by org.testng.reporters.JUnitReportReporter -->
<testsuite hostname="MyPc" failures="0" tests="1" name="com.itlearn.testcases.TestCaseDemo" time="0.035" errors="0" timestamp="2024-07-08T16:02:13 IST" skipped="0">
  <testcase classname="com.itlearn.testcases.TestCaseDemo" name="TestCheck" time="0.035"/>
</testsuite> <!-- com.itlearn.testcases.TestCaseDemo -->
